<?xml version="1.0" encoding="UTF-8"?>
<testng-results ignored="0" total="1" passed="1" failed="0" skipped="0">
  <reporter-output>
  </reporter-output>
  <suite started-at="2024-03-07T09:42:05 IST" name="Default suite" finished-at="2024-03-07T09:42:11 IST" duration-ms="5385">
    <groups>
    </groups>
    <test started-at="2024-03-07T09:42:05 IST" name="Default test" finished-at="2024-03-07T09:42:11 IST" duration-ms="5385">
      <class name="testng_scripts.RunnerFB">
        <test-method signature="runFB()[pri:0, instance:testng_scripts.RunnerFB@78123e82]" started-at="2024-03-07T09:42:05 IST" name="runFB" finished-at="2024-03-07T09:42:11 IST" duration-ms="5321" status="PASS">
          <reporter-output>
          </reporter-output>
        </test-method> <!-- runFB -->
      </class> <!-- testng_scripts.RunnerFB -->
    </test> <!-- Default test -->
  </suite> <!-- Default suite -->
</testng-results>
