<?xml version="1.0" encoding="UTF-8"?>
<!-- Generated by org.testng.reporters.JUnitXMLReporter -->
<testsuite ignored="0" hostname="ADTS-PC" failures="0" tests="4" name="Test" time="0.109" errors="0" timestamp="2024-03-05T10:29:35 IST">
  <testcase classname="testng_scripts.Group1" name="test1" time="0.015"/>
  <testcase classname="testng_scripts.Group1" name="test2" time="0.004"/>
  <testcase classname="testng_scripts.Group1" name="test3" time="0.002"/>
  <testcase classname="testng_scripts.Group2" name="test1" time="0.002"/>
</testsuite> <!-- Test -->
